2019-04-14 11:38:11,651 ERROR 63871 [-/127.0.0.1/-/3ms GET /api/profile/basic?id=1000000000] nodejs.ReferenceError: mockjs is not defined
    at HomeController.getBasicProfile (/Users/xzx/workspace/egg-api/app/controller/mockApi.js:767:17)
    at Object.callFn (/Users/xzx/workspace/egg-api/node_modules/egg-core/lib/utils/index.js:44:21)
    at Object.classControllerMiddleware (/Users/xzx/workspace/egg-api/node_modules/egg-core/lib/loader/mixin/controller.js:87:20)
    at Object.callFn (/Users/xzx/workspace/egg-api/node_modules/@eggjs/router/lib/utils.js:12:21)
    at wrappedController (/Users/xzx/workspace/egg-api/node_modules/@eggjs/router/lib/egg_router.js:322:18)
    at dispatch (/Users/xzx/workspace/egg-api/node_modules/koa-compose/index.js:44:32)
    at next (/Users/xzx/workspace/egg-api/node_modules/koa-compose/index.js:45:18)
    at /Users/xzx/workspace/egg-api/node_modules/@eggjs/router/lib/router.js:190:18
    at dispatch (/Users/xzx/workspace/egg-api/node_modules/koa-compose/index.js:44:32)
    at /Users/xzx/workspace/egg-api/node_modules/koa-compose/index.js:36:12
headers: {"Access-Control-Allow-Origin":"*","vary":"Origin"}
pid: 63871
hostname: xzx-mac.lan

2019-04-14 11:38:34,278 ERROR 63871 [-/127.0.0.1/-/1ms GET /api/profile/basic?id=1000000000] nodejs.ReferenceError: mockjs is not defined
    at HomeController.getBasicProfile (/Users/xzx/workspace/egg-api/app/controller/mockApi.js:767:17)
    at Object.callFn (/Users/xzx/workspace/egg-api/node_modules/egg-core/lib/utils/index.js:44:21)
    at Object.classControllerMiddleware (/Users/xzx/workspace/egg-api/node_modules/egg-core/lib/loader/mixin/controller.js:87:20)
    at Object.callFn (/Users/xzx/workspace/egg-api/node_modules/@eggjs/router/lib/utils.js:12:21)
    at wrappedController (/Users/xzx/workspace/egg-api/node_modules/@eggjs/router/lib/egg_router.js:322:18)
    at dispatch (/Users/xzx/workspace/egg-api/node_modules/koa-compose/index.js:44:32)
    at next (/Users/xzx/workspace/egg-api/node_modules/koa-compose/index.js:45:18)
    at /Users/xzx/workspace/egg-api/node_modules/@eggjs/router/lib/router.js:190:18
    at dispatch (/Users/xzx/workspace/egg-api/node_modules/koa-compose/index.js:44:32)
    at /Users/xzx/workspace/egg-api/node_modules/koa-compose/index.js:36:12
headers: {"Access-Control-Allow-Origin":"*","vary":"Origin"}
pid: 63871
hostname: xzx-mac.lan

